19:18:15 **** Incremental Build of configuration Debug for project shake_psoc ****
"C:\\Users\\vreys\\ModusToolbox\\tools_2.3\\modus-shell\\bin\\make" CY_MAKE_IDE=eclipse CY_MAKE_IDE_VERSION=2.3 CY_IDE_TOOLS_DIR=C:/Users/vreys/ModusToolbox/tools_2.3 -j8 all 
Tools Directory: C:/Users/vreys/ModusToolbox/tools_2.3/
CY8CKIT-062-WIFI-BT.mk: ./libs/TARGET_CY8CKIT-062-WIFI-BT/CY8CKIT-062-WIFI-BT.mk
"Could not find schema to validate C:/Users/vreys/OneDrive/school/shake_psoc/mtb_shared/mtb-pdl-cat1/release-v2.3.1/personalities/peripheral/sar-5.0.cypersonality against. Check the xmlns version against the ../personalities/version.xml file contents."
"Could not find schema to validate C:/Users/vreys/OneDrive/school/shake_psoc/mtb_shared/mtb-pdl-cat1/release-v2.3.1/personalities/peripheral/saradc-2.0.cypersonality against. Check the xmlns version against the ../personalities/version.xml file contents."

Prebuild operations complete
Commencing build operations...

Tools Directory: C:/Users/vreys/ModusToolbox/tools_2.3/
CY8CKIT-062-WIFI-BT.mk: ./libs/TARGET_CY8CKIT-062-WIFI-BT/CY8CKIT-062-WIFI-BT.mk

Initializing build: mtb-example-psoc6-empty-app Debug CY8CKIT-062-WIFI-BT GCC_ARM

Auto-discovery in progress...
-> Found 452 .c file(s)
-> Found 47 .S file(s)
-> Found 25 .s file(s)
-> Found 1 .cpp file(s)
-> Found 0 .o file(s)
-> Found 6 .a file(s)
-> Found 928 .h file(s)
-> Found 0 .hpp file(s)
-> Found 0 resource file(s)
Applying filters...
Auto-discovery complete

Constructing build rules...
Build rules construction complete

==============================================================================
= Building application =
==============================================================================
Generating compilation database file...
-> ./build/compile_commands.json
Compilation database file generation complete
Building 384 file(s)
==============================================================================
= Build complete =
==============================================================================

Calculating memory consumption: CY8C6247BZI-D54 GCC_ARM -Og

   ---------------------------------------------------- 
  | Section Name         |  Address      |  Size       | 
   ---------------------------------------------------- 
  | .cy_m0p_image        |  0x10000000   |  6428       | 
  | .text                |  0x10002000   |  685952     | 
  | .ARM.exidx           |  0x100a9780   |  8          | 
  | .copy.table          |  0x100a9788   |  24         | 
  | .zero.table          |  0x100a97a0   |  8          | 
  | .data                |  0x0800228c   |  2148       | 
  | .cy_sharedmem        |  0x08002af0   |  12         | 
  | .noinit              |  0x08002b00   |  148        | 
  | .bss                 |  0x08002b94   |  58216      | 
  | .heap                |  0x08010f00   |  219392     | 
   ---------------------------------------------------- 

  Total Internal Flash (Available)          1048576    
  Total Internal Flash (Utilized)           696352     

  Total Internal SRAM (Available)           292864     
  Total Internal SRAM (Utilized with heap)  279916     

  
19:18:43 **** Incremental Build of configuration Debug for project shake_psoc ****
"C:\\Users\\vreys\\ModusToolbox\\tools_2.3\\modus-shell\\bin\\make" CY_MAKE_IDE=eclipse CY_MAKE_IDE_VERSION=2.3 CY_IDE_TOOLS_DIR=C:/Users/vreys/ModusToolbox/tools_2.3 -j8 all 
Tools Directory: C:/Users/vreys/ModusToolbox/tools_2.3/
CY8CKIT-062-WIFI-BT.mk: ./libs/TARGET_CY8CKIT-062-WIFI-BT/CY8CKIT-062-WIFI-BT.mk
"Could not find schema to validate C:/Users/vreys/OneDrive/school/shake_psoc/mtb_shared/mtb-pdl-cat1/release-v2.3.1/personalities/peripheral/sar-5.0.cypersonality against. Check the xmlns version against the ../personalities/version.xml file contents."
"Could not find schema to validate C:/Users/vreys/OneDrive/school/shake_psoc/mtb_shared/mtb-pdl-cat1/release-v2.3.1/personalities/peripheral/saradc-2.0.cypersonality against. Check the xmlns version against the ../personalities/version.xml file contents."

Prebuild operations complete
Commencing build operations...

Tools Directory: C:/Users/vreys/ModusToolbox/tools_2.3/
CY8CKIT-062-WIFI-BT.mk: ./libs/TARGET_CY8CKIT-062-WIFI-BT/CY8CKIT-062-WIFI-BT.mk

Initializing build: mtb-example-psoc6-empty-app Debug CY8CKIT-062-WIFI-BT GCC_ARM

Auto-discovery in progress...
-> Found 452 .c file(s)
-> Found 47 .S file(s)
-> Found 25 .s file(s)
-> Found 1 .cpp file(s)
-> Found 0 .o file(s)
-> Found 6 .a file(s)
-> Found 928 .h file(s)
-> Found 0 .hpp file(s)
-> Found 0 resource file(s)
Applying filters...
Auto-discovery complete

Constructing build rules...
Build rules construction complete

==============================================================================
= Building application =
==============================================================================
Generating compilation database file...
-> ./build/compile_commands.json
Compilation database file generation complete
Building 384 file(s)
==============================================================================
= Build complete =
==============================================================================

Calculating memory consumption: CY8C6247BZI-D54 GCC_ARM -Og

   ---------------------------------------------------- 
  | Section Name         |  Address      |  Size       | 
   ---------------------------------------------------- 
  | .cy_m0p_image        |  0x10000000   |  6428       | 
  | .text                |  0x10002000   |  685952     | 
  | .ARM.exidx           |  0x100a9780   |  8          | 
  | .copy.table          |  0x100a9788   |  24         | 
  | .zero.table          |  0x100a97a0   |  8          | 
  | .data                |  0x0800228c   |  2148       | 
  | .cy_sharedmem        |  0x08002af0   |  12         | 
  | .noinit              |  0x08002b00   |  148        | 
  | .bss                 |  0x08002b94   |  58216      | 
  | .heap                |  0x08010f00   |  219392     | 
   ---------------------------------------------------- 

  Total Internal Flash (Available)          1048576    
  Total Internal Flash (Utilized)           696352     

  Total Internal SRAM (Available)           292864     
  Total Internal SRAM (Utilized with heap)  279916     

  
20:20:51 **** Build of configuration Debug for project shake_psoc ****
"C:\\Users\\vreys\\ModusToolbox\\tools_2.3\\modus-shell\\bin\\make" CY_MAKE_IDE=eclipse CY_MAKE_IDE_VERSION=2.3 CY_IDE_TOOLS_DIR=C:/Users/vreys/ModusToolbox/tools_2.3 -j8 all 
Tools Directory: C:/Users/vreys/ModusToolbox/tools_2.3/
CY8CKIT-062-WIFI-BT.mk: ./libs/TARGET_CY8CKIT-062-WIFI-BT/CY8CKIT-062-WIFI-BT.mk
"Could not find schema to validate C:/Users/vreys/OneDrive/school/shake_psoc/mtb_shared/mtb-pdl-cat1/release-v2.3.1/personalities/peripheral/sar-5.0.cypersonality against. Check the xmlns version against the ../personalities/version.xml file contents."
"Could not find schema to validate C:/Users/vreys/OneDrive/school/shake_psoc/mtb_shared/mtb-pdl-cat1/release-v2.3.1/personalities/peripheral/saradc-2.0.cypersonality against. Check the xmlns version against the ../personalities/version.xml file contents."

Prebuild operations complete
Commencing build operations...

Tools Directory: C:/Users/vreys/ModusToolbox/tools_2.3/
CY8CKIT-062-WIFI-BT.mk: ./libs/TARGET_CY8CKIT-062-WIFI-BT/CY8CKIT-062-WIFI-BT.mk

Initializing build: mtb-example-psoc6-empty-app Debug CY8CKIT-062-WIFI-BT GCC_ARM

Auto-discovery in progress...
-> Found 452 .c file(s)
-> Found 47 .S file(s)
-> Found 25 .s file(s)
-> Found 1 .cpp file(s)
-> Found 0 .o file(s)
-> Found 6 .a file(s)
-> Found 928 .h file(s)
-> Found 0 .hpp file(s)
-> Found 0 resource file(s)
Applying filters...
Auto-discovery complete

Constructing build rules...
Build rules construction complete

==============================================================================
= Building application =
==============================================================================
Generating compilation database file...
-> ./build/compile_commands.json
Compilation database file generation complete
Building 384 file(s)
==============================================================================
= Build complete =
==============================================================================

Calculating memory consumption: CY8C6247BZI-D54 GCC_ARM -Og

   ---------------------------------------------------- 
  | Section Name         |  Address      |  Size       | 
   ---------------------------------------------------- 
  | .cy_m0p_image        |  0x10000000   |  6428       | 
  | .text                |  0x10002000   |  685952     | 
  | .ARM.exidx           |  0x100a9780   |  8          | 
  | .copy.table          |  0x100a9788   |  24         | 
  | .zero.table          |  0x100a97a0   |  8          | 
  | .data                |  0x0800228c   |  2148       | 
  | .cy_sharedmem        |  0x08002af0   |  12         | 
  | .noinit              |  0x08002b00   |  148        | 
  | .bss                 |  0x08002b94   |  58216      | 
  | .heap                |  0x08010f00   |  219392     | 
   ---------------------------------------------------- 

  Total Internal Flash (Available)          1048576    
  Total Internal Flash (Utilized)           696352     

  Total Internal SRAM (Available)           292864     
  Total Internal SRAM (Utilized with heap)  279916     

  
20:26:09 **** Incremental Build of configuration Debug for project shake_psoc ****
"C:\\Users\\vreys\\ModusToolbox\\tools_2.3\\modus-shell\\bin\\make" CY_MAKE_IDE=eclipse CY_MAKE_IDE_VERSION=2.3 CY_IDE_TOOLS_DIR=C:/Users/vreys/ModusToolbox/tools_2.3 -j8 all 
Tools Directory: C:/Users/vreys/ModusToolbox/tools_2.3/
CY8CKIT-062-WIFI-BT.mk: ./libs/TARGET_CY8CKIT-062-WIFI-BT/CY8CKIT-062-WIFI-BT.mk
"Could not find schema to validate C:/Users/vreys/OneDrive/school/shake_psoc/mtb_shared/mtb-pdl-cat1/release-v2.3.1/personalities/peripheral/sar-5.0.cypersonality against. Check the xmlns version against the ../personalities/version.xml file contents."
"Could not find schema to validate C:/Users/vreys/OneDrive/school/shake_psoc/mtb_shared/mtb-pdl-cat1/release-v2.3.1/personalities/peripheral/saradc-2.0.cypersonality against. Check the xmlns version against the ../personalities/version.xml file contents."

Prebuild operations complete
Commencing build operations...

Tools Directory: C:/Users/vreys/ModusToolbox/tools_2.3/
CY8CKIT-062-WIFI-BT.mk: ./libs/TARGET_CY8CKIT-062-WIFI-BT/CY8CKIT-062-WIFI-BT.mk

Initializing build: mtb-example-psoc6-empty-app Debug CY8CKIT-062-WIFI-BT GCC_ARM

Auto-discovery in progress...
-> Found 452 .c file(s)
-> Found 47 .S file(s)
-> Found 25 .s file(s)
-> Found 1 .cpp file(s)
-> Found 0 .o file(s)
-> Found 6 .a file(s)
-> Found 928 .h file(s)
-> Found 0 .hpp file(s)
-> Found 0 resource file(s)
Applying filters...
Auto-discovery complete

Constructing build rules...
Build rules construction complete

==============================================================================
= Building application =
==============================================================================
Generating compilation database file...
-> ./build/compile_commands.json
Compilation database file generation complete
Building 384 file(s)
==============================================================================
= Build complete =
==============================================================================

Calculating memory consumption: CY8C6247BZI-D54 GCC_ARM -Og

   ---------------------------------------------------- 
  | Section Name         |  Address      |  Size       | 
   ---------------------------------------------------- 
  | .cy_m0p_image        |  0x10000000   |  6428       | 
  | .text                |  0x10002000   |  685952     | 
  | .ARM.exidx           |  0x100a9780   |  8          | 
  | .copy.table          |  0x100a9788   |  24         | 
  | .zero.table          |  0x100a97a0   |  8          | 
  | .data                |  0x0800228c   |  2148       | 
  | .cy_sharedmem        |  0x08002af0   |  12         | 
  | .noinit              |  0x08002b00   |  148        | 
  | .bss                 |  0x08002b94   |  58216      | 
  | .heap                |  0x08010f00   |  219392     | 
   ---------------------------------------------------- 

  Total Internal Flash (Available)          1048576    
  Total Internal Flash (Utilized)           696352     

  Total Internal SRAM (Available)           292864     
  Total Internal SRAM (Utilized with heap)  279916     

  
21:37:14 **** Incremental Build of configuration Debug for project shake_psoc ****
"C:\\Users\\vreys\\ModusToolbox\\tools_2.3\\modus-shell\\bin\\make" CY_MAKE_IDE=eclipse CY_MAKE_IDE_VERSION=2.3 CY_IDE_TOOLS_DIR=C:/Users/vreys/ModusToolbox/tools_2.3 -j8 all 
Tools Directory: C:/Users/vreys/ModusToolbox/tools_2.3/
CY8CKIT-062-WIFI-BT.mk: ./libs/TARGET_CY8CKIT-062-WIFI-BT/CY8CKIT-062-WIFI-BT.mk
"Could not find schema to validate C:/Users/vreys/OneDrive/school/shake_psoc/mtb_shared/mtb-pdl-cat1/release-v2.3.1/personalities/peripheral/sar-5.0.cypersonality against. Check the xmlns version against the ../personalities/version.xml file contents."
"Could not find schema to validate C:/Users/vreys/OneDrive/school/shake_psoc/mtb_shared/mtb-pdl-cat1/release-v2.3.1/personalities/peripheral/saradc-2.0.cypersonality against. Check the xmlns version against the ../personalities/version.xml file contents."

Prebuild operations complete
Commencing build operations...

Tools Directory: C:/Users/vreys/ModusToolbox/tools_2.3/
CY8CKIT-062-WIFI-BT.mk: ./libs/TARGET_CY8CKIT-062-WIFI-BT/CY8CKIT-062-WIFI-BT.mk

Initializing build: mtb-example-psoc6-empty-app Debug CY8CKIT-062-WIFI-BT GCC_ARM

Auto-discovery in progress...
-> Found 452 .c file(s)
-> Found 47 .S file(s)
-> Found 25 .s file(s)
-> Found 1 .cpp file(s)
-> Found 0 .o file(s)
-> Found 6 .a file(s)
-> Found 928 .h file(s)
-> Found 0 .hpp file(s)
-> Found 0 resource file(s)
Applying filters...
Auto-discovery complete

Constructing build rules...
Build rules construction complete

==============================================================================
= Building application =
==============================================================================
Generating compilation database file...
-> ./build/compile_commands.json
Compilation database file generation complete
Building 384 file(s)
==============================================================================
= Build complete =
==============================================================================

Calculating memory consumption: CY8C6247BZI-D54 GCC_ARM -Og

   ---------------------------------------------------- 
  | Section Name         |  Address      |  Size       | 
   ---------------------------------------------------- 
  | .cy_m0p_image        |  0x10000000   |  6428       | 
  | .text                |  0x10002000   |  685952     | 
  | .ARM.exidx           |  0x100a9780   |  8          | 
  | .copy.table          |  0x100a9788   |  24         | 
  | .zero.table          |  0x100a97a0   |  8          | 
  | .data                |  0x0800228c   |  2148       | 
  | .cy_sharedmem        |  0x08002af0   |  12         | 
  | .noinit              |  0x08002b00   |  148        | 
  | .bss                 |  0x08002b94   |  58216      | 
  | .heap                |  0x08010f00   |  219392     | 
   ---------------------------------------------------- 

  Total Internal Flash (Available)          1048576    
  Total Internal Flash (Utilized)           696352     

  Total Internal SRAM (Available)           292864     
  Total Internal SRAM (Utilized with heap)  279916     

  
21:55:22 **** Incremental Build of configuration Debug for project shake_psoc ****
"C:\\Users\\vreys\\ModusToolbox\\tools_2.3\\modus-shell\\bin\\make" CY_MAKE_IDE=eclipse CY_MAKE_IDE_VERSION=2.3 CY_IDE_TOOLS_DIR=C:/Users/vreys/ModusToolbox/tools_2.3 -j8 all 
Tools Directory: C:/Users/vreys/ModusToolbox/tools_2.3/
CY8CKIT-062-WIFI-BT.mk: ./libs/TARGET_CY8CKIT-062-WIFI-BT/CY8CKIT-062-WIFI-BT.mk
"Could not find schema to validate C:/Users/vreys/OneDrive/school/shake_psoc/mtb_shared/mtb-pdl-cat1/release-v2.3.1/personalities/peripheral/sar-5.0.cypersonality against. Check the xmlns version against the ../personalities/version.xml file contents."
"Could not find schema to validate C:/Users/vreys/OneDrive/school/shake_psoc/mtb_shared/mtb-pdl-cat1/release-v2.3.1/personalities/peripheral/saradc-2.0.cypersonality against. Check the xmlns version against the ../personalities/version.xml file contents."

Prebuild operations complete
Commencing build operations...

Tools Directory: C:/Users/vreys/ModusToolbox/tools_2.3/
CY8CKIT-062-WIFI-BT.mk: ./libs/TARGET_CY8CKIT-062-WIFI-BT/CY8CKIT-062-WIFI-BT.mk

Initializing build: mtb-example-psoc6-empty-app Debug CY8CKIT-062-WIFI-BT GCC_ARM

Auto-discovery in progress...
-> Found 452 .c file(s)
-> Found 47 .S file(s)
-> Found 25 .s file(s)
-> Found 1 .cpp file(s)
-> Found 0 .o file(s)
-> Found 6 .a file(s)
-> Found 928 .h file(s)
-> Found 0 .hpp file(s)
-> Found 0 resource file(s)
Applying filters...
Auto-discovery complete

Constructing build rules...
Build rules construction complete

==============================================================================
= Building application =
==============================================================================
Generating compilation database file...
-> ./build/compile_commands.json
Compilation database file generation complete
Building 384 file(s)
==============================================================================
= Build complete =
==============================================================================

Calculating memory consumption: CY8C6247BZI-D54 GCC_ARM -Og

   ---------------------------------------------------- 
  | Section Name         |  Address      |  Size       | 
   ---------------------------------------------------- 
  | .cy_m0p_image        |  0x10000000   |  6428       | 
  | .text                |  0x10002000   |  685952     | 
  | .ARM.exidx           |  0x100a9780   |  8          | 
  | .copy.table          |  0x100a9788   |  24         | 
  | .zero.table          |  0x100a97a0   |  8          | 
  | .data                |  0x0800228c   |  2148       | 
  | .cy_sharedmem        |  0x08002af0   |  12         | 
  | .noinit              |  0x08002b00   |  148        | 
  | .bss                 |  0x08002b94   |  58216      | 
  | .heap                |  0x08010f00   |  219392     | 
   ---------------------------------------------------- 

  Total Internal Flash (Available)          1048576    
  Total Internal Flash (Utilized)           696352     

  Total Internal SRAM (Available)           292864     
  Total Internal SRAM (Utilized with heap)  279916     

  
21:56:56 **** Incremental Build of configuration Debug for project shake_psoc ****
"C:\\Users\\vreys\\ModusToolbox\\tools_2.3\\modus-shell\\bin\\make" CY_MAKE_IDE=eclipse CY_MAKE_IDE_VERSION=2.3 CY_IDE_TOOLS_DIR=C:/Users/vreys/ModusToolbox/tools_2.3 -j8 all 
Tools Directory: C:/Users/vreys/ModusToolbox/tools_2.3/
CY8CKIT-062-WIFI-BT.mk: ./libs/TARGET_CY8CKIT-062-WIFI-BT/CY8CKIT-062-WIFI-BT.mk
"Could not find schema to validate C:/Users/vreys/OneDrive/school/shake_psoc/mtb_shared/mtb-pdl-cat1/release-v2.3.1/personalities/peripheral/sar-5.0.cypersonality against. Check the xmlns version against the ../personalities/version.xml file contents."
"Could not find schema to validate C:/Users/vreys/OneDrive/school/shake_psoc/mtb_shared/mtb-pdl-cat1/release-v2.3.1/personalities/peripheral/saradc-2.0.cypersonality against. Check the xmlns version against the ../personalities/version.xml file contents."

Prebuild operations complete
Commencing build operations...

Tools Directory: C:/Users/vreys/ModusToolbox/tools_2.3/
CY8CKIT-062-WIFI-BT.mk: ./libs/TARGET_CY8CKIT-062-WIFI-BT/CY8CKIT-062-WIFI-BT.mk

Initializing build: mtb-example-psoc6-empty-app Debug CY8CKIT-062-WIFI-BT GCC_ARM

Auto-discovery in progress...
-> Found 452 .c file(s)
-> Found 47 .S file(s)
-> Found 25 .s file(s)
-> Found 1 .cpp file(s)
-> Found 0 .o file(s)
-> Found 6 .a file(s)
-> Found 928 .h file(s)
-> Found 0 .hpp file(s)
-> Found 0 resource file(s)
Applying filters...
Auto-discovery complete

Constructing build rules...
Build rules construction complete

==============================================================================
= Building application =
==============================================================================
Generating compilation database file...
-> ./build/compile_commands.json
Compilation database file generation complete
Building 384 file(s)
==============================================================================
= Build complete =
==============================================================================

Calculating memory consumption: CY8C6247BZI-D54 GCC_ARM -Og

   ---------------------------------------------------- 
  | Section Name         |  Address      |  Size       | 
   ---------------------------------------------------- 
  | .cy_m0p_image        |  0x10000000   |  6428       | 
  | .text                |  0x10002000   |  685952     | 
  | .ARM.exidx           |  0x100a9780   |  8          | 
  | .copy.table          |  0x100a9788   |  24         | 
  | .zero.table          |  0x100a97a0   |  8          | 
  | .data                |  0x0800228c   |  2148       | 
  | .cy_sharedmem        |  0x08002af0   |  12         | 
  | .noinit              |  0x08002b00   |  148        | 
  | .bss                 |  0x08002b94   |  58216      | 
  | .heap                |  0x08010f00   |  219392     | 
   ---------------------------------------------------- 

  Total Internal Flash (Available)          1048576    
  Total Internal Flash (Utilized)           696352     

  Total Internal SRAM (Available)           292864     
  Total Internal SRAM (Utilized with heap)  279916     

  
